StarTrace_teacher/app/build/intermediates/manifest_merge_blame_file/release/manifest-merger-blame-release-report.txt
1<?xml version="1.0" encoding="utf-8"?>
2<manifest xmlns:android="http://schemas.android.com/apk/res/android"
3    package="com.example.studentstartrace"
4    android:versionCode="1"
5    android:versionName="1.0" >
6
7    <uses-sdk
8        android:minSdkVersion="16"
8-->src/main/AndroidManifest.xml
9        android:targetSdkVersion="29" />
9-->src/main/AndroidManifest.xml
10
11    <uses-permission android:name="android.permission.INTERNET" />
11-->src/main/AndroidManifest.xml:6:1-62
11-->src/main/AndroidManifest.xml:6:18-60
12    <uses-permission android:name="android.permission.VIBRATE" />
12-->[com.borax12.materialdaterangepicker:library:2.0] AndroidManifest.xml:26:5-66
12-->[com.borax12.materialdaterangepicker:library:2.0] AndroidManifest.xml:26:22-63
13
14    <application
14-->src/main/AndroidManifest.xml:8:5-34:19
15        android:allowBackup="true"
15-->src/main/AndroidManifest.xml:9:9-35
16        android:appComponentFactory="androidx.core.app.CoreComponentFactory"
16-->[androidx.core:core:1.2.0] AndroidManifest.xml:24:18-86
17        android:icon="@mipmap/ic_launcher"
17-->src/main/AndroidManifest.xml:10:9-43
18        android:label="@string/app_name"
18-->src/main/AndroidManifest.xml:11:9-41
19        android:roundIcon="@mipmap/ic_launcher_round"
19-->src/main/AndroidManifest.xml:12:9-54
20        android:supportsRtl="true"
20-->src/main/AndroidManifest.xml:13:9-35
21        android:theme="@style/AppTheme"
21-->src/main/AndroidManifest.xml:15:9-40
22        android:usesCleartextTraffic="true" >
22-->src/main/AndroidManifest.xml:14:9-44
23        <activity
23-->src/main/AndroidManifest.xml:17:9-25:20
24            android:name="com.example.teacherstartrace.ui.activity.SplashActivity"
24-->src/main/AndroidManifest.xml:18:13-55
25            android:theme="@style/AppTheme.FullScreen" >
25-->src/main/AndroidManifest.xml:19:13-55
26            <intent-filter>
26-->src/main/AndroidManifest.xml:21:13-24:29
27                <action android:name="android.intent.action.MAIN" />
27-->src/main/AndroidManifest.xml:22:17-68
27-->src/main/AndroidManifest.xml:22:25-66
28
29                <category android:name="android.intent.category.LAUNCHER" />
29-->src/main/AndroidManifest.xml:23:17-76
29-->src/main/AndroidManifest.xml:23:27-74
30            </intent-filter>
31        </activity>
32        <activity android:name="com.example.teacherstartrace.ui.activity.LoginActivity" />
32-->src/main/AndroidManifest.xml:26:9-62
32-->src/main/AndroidManifest.xml:26:19-60
33        <activity android:name="com.example.teacherstartrace.ui.activity.MainActivity" />
33-->src/main/AndroidManifest.xml:27:9-61
33-->src/main/AndroidManifest.xml:27:19-59
34        <activity android:name="com.example.teacherstartrace.ui.activity.SettingActivity" />
34-->src/main/AndroidManifest.xml:28:9-64
34-->src/main/AndroidManifest.xml:28:19-62
35        <activity android:name="com.example.teacherstartrace.ui.activity.AboutActivity" />
35-->src/main/AndroidManifest.xml:29:9-62
35-->src/main/AndroidManifest.xml:29:19-60
36        <activity android:name="com.example.teacherstartrace.ui.activity.RegisterActivity" />
36-->src/main/AndroidManifest.xml:30:9-65
36-->src/main/AndroidManifest.xml:30:19-63
37        <activity android:name="com.example.teacherstartrace.ui.activity.CourseInfoActivity" />
37-->src/main/AndroidManifest.xml:31:9-67
37-->src/main/AndroidManifest.xml:31:19-65
38        <activity android:name="com.example.teacherstartrace.ui.activity.CourseResultActivity" />
38-->src/main/AndroidManifest.xml:32:9-69
38-->src/main/AndroidManifest.xml:32:19-67
39        <activity android:name="com.example.teacherstartrace.ui.activity.AddActivity" />
39-->src/main/AndroidManifest.xml:33:9-60
39-->src/main/AndroidManifest.xml:33:19-58
40
41        <provider
41-->[androidx.lifecycle:lifecycle-process:2.2.0] AndroidManifest.xml:25:9-29:43
42            android:name="androidx.lifecycle.ProcessLifecycleOwnerInitializer"
42-->[androidx.lifecycle:lifecycle-process:2.2.0] AndroidManifest.xml:26:13-79
43            android:authorities="com.example.studentstartrace.lifecycle-process"
43-->[androidx.lifecycle:lifecycle-process:2.2.0] AndroidManifest.xml:27:13-69
44            android:exported="false"
44-->[androidx.lifecycle:lifecycle-process:2.2.0] AndroidManifest.xml:28:13-37
45            android:multiprocess="true" />
45-->[androidx.lifecycle:lifecycle-process:2.2.0] AndroidManifest.xml:29:13-40
46    </application>
47
48</manifest>